Activating conda environment: piratbog
Using Python from /home/rmw874/miniforge3/envs/piratbog/bin/python
Python 3.10.15
Checking GPU availability...
Thu Nov 28 12:42:01 2024       
+---------------------------------------------------------------------------------------+
| NVIDIA-SMI 545.23.08              Driver Version: 545.23.08    CUDA Version: 12.3     |
|-----------------------------------------+----------------------+----------------------+
| GPU  Name                 Persistence-M | Bus-Id        Disp.A | Volatile Uncorr. ECC |
| Fan  Temp   Perf          Pwr:Usage/Cap |         Memory-Usage | GPU-Util  Compute M. |
|                                         |                      |               MIG M. |
|=========================================+======================+======================|
|   0  Quadro RTX 6000                Off | 00000000:15:00.0 Off |                  Off |
| 33%   26C    P8              14W / 260W |      0MiB / 24576MiB |      0%      Default |
|                                         |                      |                  N/A |
+-----------------------------------------+----------------------+----------------------+
|   1  Quadro RTX 6000                Off | 00000000:88:00.0 Off |                  Off |
| 33%   26C    P8               5W / 260W |      0MiB / 24576MiB |      0%      Default |
|                                         |                      |                  N/A |
+-----------------------------------------+----------------------+----------------------+
|   2  Quadro RTX 6000                Off | 00000000:89:00.0 Off |                  Off |
| 33%   25C    P8              16W / 260W |      0MiB / 24576MiB |      0%      Default |
|                                         |                      |                  N/A |
+-----------------------------------------+----------------------+----------------------+
|   3  Quadro RTX 6000                Off | 00000000:B2:00.0 Off |                  Off |
| 33%   29C    P8               9W / 260W |      0MiB / 24576MiB |      0%      Default |
|                                         |                      |                  N/A |
+-----------------------------------------+----------------------+----------------------+
                                                                                         
+---------------------------------------------------------------------------------------+
| Processes:                                                                            |
|  GPU   GI   CI        PID   Type   Process name                            GPU Memory |
|        ID   ID                                                             Usage      |
|=======================================================================================|
|  No running processes found                                                           |
+---------------------------------------------------------------------------------------+
CUDA available: True
Starting training script
Epoch 1/200
Training Epoch 1:   0%|          | 0/12 [00:00<?, ?batch/s]slurmstepd: error: *** JOB 4250 ON hendrixgpu11fl CANCELLED AT 2024-11-28T12:43:15 ***
